<?xml version="1.0" encoding="UTF-8"?>
<dataset>
	<user_details ID="1" login="testtest" password="testtest" />
</dataset>